# JRE version: OpenJDK Runtime Environment (17.0.6) (build 17.0.6+0-b2043.56-10027231)
# Java VM: OpenJDK 64-Bit Server VM (17.0.6+0-b2043.56-10027231, mixed mode, tiered, compressed oops, compressed class ptrs, g1 gc, windows-amd64)
GC Precious Log:
 CPUs: 8 total, 8 available
 Memory: 8001M
 Large Page Support: Disabled
 NUMA Support: Disabled
 Compressed Oops: Enabled (32-bit)
 Heap Region Size: 1M
 Heap Min Capacity: 8M
 Heap Initial Capacity: 126M
 Heap Max Capacity: 2G
 Pre-touch: Disabled
 Parallel Workers: 8
 Concurrent Workers: 2
 Concurrent Refinement Workers: 8
 Periodic GC: Disabled
Heap:
 garbage-first heap   total 439296K, used 130245K [0x0000000080000000, 0x0000000100000000)
  region size 1024K, 11 young (11264K), 11 survivors (11264K)
 Metaspace       used 106710K, committed 107456K, reserved 1146880K
  class space    used 14013K, committed 14400K, reserved 1048576K
GC Heap History (20 events):
Event: 14.663 GC heap after
{Heap after GC invocations=54 (full 0):
 garbage-first heap   total 160768K, used 94442K [0x0000000080000000, 0x0000000100000000)
  region size 1024K, 4 young (4096K), 4 survivors (4096K)
 Metaspace       used 91939K, committed 92608K, reserved 1130496K
  class space    used 12363K, committed 12672K, reserved 1048576K
}
Event: 14.689 GC heap before
{Heap before GC invocations=54 (full 0):
 garbage-first heap   total 160768K, used 97514K [0x0000000080000000, 0x0000000100000000)
  region size 1024K, 7 young (7168K), 4 survivors (4096K)
 Metaspace       used 91976K, committed 92608K, reserved 1130496K
  class space    used 12363K, committed 12672K, reserved 1048576K
}
Event: 14.696 GC heap after
{Heap after GC invocations=55 (full 0):
 garbage-first heap   total 160768K, used 95024K [0x0000000080000000, 0x0000000100000000)
  region size 1024K, 1 young (1024K), 1 survivors (1024K)
 Metaspace       used 91976K, committed 92608K, reserved 1130496K
  class space    used 12363K, committed 12672K, reserved 1048576K
}
Event: 15.077 GC heap before
{Heap before GC invocations=55 (full 0):
 garbage-first heap   total 160768K, used 126768K [0x0000000080000000, 0x0000000100000000)
  region size 1024K, 32 young (32768K), 1 survivors (1024K)
 Metaspace       used 92641K, committed 93312K, reserved 1130496K
  class space    used 12472K, committed 12800K, reserved 1048576K
}
Event: 15.084 GC heap after
{Heap after GC invocations=56 (full 0):
 garbage-first heap   total 439296K, used 99674K [0x0000000080000000, 0x0000000100000000)
  region size 1024K, 4 young (4096K), 4 survivors (4096K)
 Metaspace       used 92641K, committed 93312K, reserved 1130496K
  class space    used 12472K, committed 12800K, reserved 1048576K
}
Event: 17.193 GC heap before
{Heap before GC invocations=57 (full 0):
 garbage-first heap   total 409600K, used 301402K [0x0000000080000000, 0x0000000100000000)
  region size 1024K, 202 young (206848K), 4 survivors (4096K)
 Metaspace       used 93529K, committed 94208K, reserved 1130496K
  class space    used 12528K, committed 12864K, reserved 1048576K
}
Event: 17.233 GC heap after
{Heap after GC invocations=58 (full 0):
 garbage-first heap   total 409600K, used 110862K [0x0000000080000000, 0x0000000100000000)
  region size 1024K, 15 young (15360K), 15 survivors (15360K)
 Metaspace       used 93529K, committed 94208K, reserved 1130496K
  class space    used 12528K, committed 12864K, reserved 1048576K
}
Event: 17.314 GC heap before
{Heap before GC invocations=58 (full 0):
 garbage-first heap   total 409600K, used 115982K [0x0000000080000000, 0x0000000100000000)
  region size 1024K, 20 young (20480K), 15 survivors (15360K)
 Metaspace       used 93571K, committed 94272K, reserved 1130496K
  class space    used 12533K, committed 12864K, reserved 1048576K
}
Event: 17.359 GC heap after
{Heap after GC invocations=59 (full 0):
 garbage-first heap   total 409600K, used 111235K [0x0000000080000000, 0x0000000100000000)
  region size 1024K, 2 young (2048K), 2 survivors (2048K)
 Metaspace       used 93571K, committed 94272K, reserved 1130496K
  class space    used 12533K, committed 12864K, reserved 1048576K
}
Event: 18.761 GC heap before
{Heap before GC invocations=59 (full 0):
 garbage-first heap   total 409600K, used 311939K [0x0000000080000000, 0x0000000100000000)
  region size 1024K, 199 young (203776K), 2 survivors (2048K)
 Metaspace       used 93911K, committed 94592K, reserved 1130496K
  class space    used 12570K, committed 12864K, reserved 1048576K
}
Event: 18.771 GC heap after
{Heap after GC invocations=60 (full 0):
 garbage-first heap   total 409600K, used 120383K [0x0000000080000000, 0x0000000100000000)
  region size 1024K, 11 young (11264K), 11 survivors (11264K)
 Metaspace       used 93911K, committed 94592K, reserved 1130496K
  class space    used 12570K, committed 12864K, reserved 1048576K
}
Event: 22.256 GC heap before
{Heap before GC invocations=60 (full 0):
 garbage-first heap   total 409600K, used 244287K [0x0000000080000000, 0x0000000100000000)
  region size 1024K, 80 young (81920K), 11 survivors (11264K)
 Metaspace       used 100700K, committed 101440K, reserved 1138688K
  class space    used 13489K, committed 13824K, reserved 1048576K
}
Event: 22.313 GC heap after
{Heap after GC invocations=61 (full 0):
 garbage-first heap   total 409600K, used 140584K [0x0000000080000000, 0x0000000100000000)
  region size 1024K, 17 young (17408K), 17 survivors (17408K)
 Metaspace       used 100700K, committed 101440K, reserved 1138688K
  class space    used 13489K, committed 13824K, reserved 1048576K
}
Event: 22.531 GC heap before
{Heap before GC invocations=61 (full 0):
 garbage-first heap   total 409600K, used 202024K [0x0000000080000000, 0x0000000100000000)
  region size 1024K, 18 young (18432K), 17 survivors (17408K)
 Metaspace       used 100701K, committed 101440K, reserved 1138688K
  class space    used 13489K, committed 13824K, reserved 1048576K
}
Event: 22.550 GC heap after
{Heap after GC invocations=62 (full 0):
 garbage-first heap   total 409600K, used 148959K [0x0000000080000000, 0x0000000100000000)
  region size 1024K, 7 young (7168K), 7 survivors (7168K)
 Metaspace       used 100701K, committed 101440K, reserved 1138688K
  class space    used 13489K, committed 13824K, reserved 1048576K
}
Event: 22.582 GC heap before
{Heap before GC invocations=62 (full 0):
 garbage-first heap   total 409600K, used 194015K [0x0000000080000000, 0x0000000100000000)
  region size 1024K, 8 young (8192K), 7 survivors (7168K)
 Metaspace       used 100701K, committed 101440K, reserved 1138688K
  class space    used 13489K, committed 13824K, reserved 1048576K
}
Event: 22.586 GC heap after
{Heap after GC invocations=63 (full 0):
 garbage-first heap   total 409600K, used 140059K [0x0000000080000000, 0x0000000100000000)
  region size 1024K, 6 young (6144K), 6 survivors (6144K)
 Metaspace       used 100701K, committed 101440K, reserved 1138688K
  class space    used 13489K, committed 13824K, reserved 1048576K
}
Event: 22.613 GC heap before
{Heap before GC invocations=63 (full 0):
 garbage-first heap   total 409600K, used 178971K [0x0000000080000000, 0x0000000100000000)
  region size 1024K, 7 young (7168K), 6 survivors (6144K)
 Metaspace       used 100701K, committed 101440K, reserved 1138688K
  class space    used 13489K, committed 13824K, reserved 1048576K
}
Event: 22.619 GC heap after
{Heap after GC invocations=64 (full 0):
 garbage-first heap   total 409600K, used 139942K [0x0000000080000000, 0x0000000100000000)
  region size 1024K, 6 young (6144K), 6 survivors (6144K)
 Metaspace       used 100701K, committed 101440K, reserved 1138688K
  class space    used 13489K, committed 13824K, reserved 1048576K
}
Event: 423.432 GC heap before
{Heap before GC invocations=64 (full 0):
 garbage-first heap   total 409600K, used 366246K [0x0000000080000000, 0x0000000100000000)
  region size 1024K, 202 young (206848K), 6 survivors (6144K)
 Metaspace       used 106710K, committed 107456K, reserved 1146880K
  class space    used 14013K, committed 14400K, reserved 1048576K
}

